<?xml version="1.0" encoding="UTF-8"?>
<testng-results ignored="0" total="1" passed="1" failed="0" skipped="0">
  <reporter-output>
    <line>
      <![CDATA[Setting up reports and Test is getting ready]]>
    </line>
    <line>
      <![CDATA[Setting Done - Test can be started]]>
    </line>
    <line>
      <![CDATA[Trying to start browser and Getting application ready]]>
    </line>
    <line>
      <![CDATA[Browser and Application is up and running]]>
    </line>
    <line>
      <![CDATA[Test is about to end]]>
    </line>
    <line>
      <![CDATA[Test Completed >>>> Reports Generated]]>
    </line>
  </reporter-output>
  <suite started-at="2022-07-22T00:03:25 IST" name="Default suite" finished-at="2022-07-22T00:03:43 IST" duration-ms="18251">
    <groups>
    </groups>
    <test started-at="2022-07-22T00:03:25 IST" name="Default test" finished-at="2022-07-22T00:03:43 IST" duration-ms="18251">
      <class name="com.qa.testcases.LoginTestCRM">
        <test-method is-config="true" signature="setUpSuite()[pri:0, instance:com.qa.testcases.LoginTestCRM@c88a337]" started-at="2022-07-22T00:03:23 IST" name="setUpSuite" finished-at="2022-07-22T00:03:25 IST" duration-ms="1538" status="PASS">
          <reporter-output>
            <line>
              <![CDATA[Setting up reports and Test is getting ready]]>
            </line>
            <line>
              <![CDATA[Setting Done - Test can be started]]>
            </line>
          </reporter-output>
        </test-method> <!-- setUpSuite -->
        <test-method is-config="true" signature="setUp()[pri:0, instance:com.qa.testcases.LoginTestCRM@c88a337]" started-at="2022-07-22T00:03:25 IST" name="setUp" finished-at="2022-07-22T00:03:35 IST" duration-ms="10043" status="PASS">
          <reporter-output>
            <line>
              <![CDATA[Trying to start browser and Getting application ready]]>
            </line>
            <line>
              <![CDATA[Browser and Application is up and running]]>
            </line>
          </reporter-output>
        </test-method> <!-- setUp -->
        <test-method signature="loginApp()[pri:0, instance:com.qa.testcases.LoginTestCRM@c88a337]" started-at="2022-07-22T00:03:35 IST" name="loginApp" finished-at="2022-07-22T00:03:41 IST" duration-ms="6134" status="PASS">
          <reporter-output>
          </reporter-output>
        </test-method> <!-- loginApp -->
        <test-method is-config="true" signature="tearDownMethod(org.testng.ITestResult)[pri:0, instance:com.qa.testcases.LoginTestCRM@c88a337]" started-at="2022-07-22T00:03:41 IST" name="tearDownMethod" finished-at="2022-07-22T00:03:42 IST" duration-ms="902" status="PASS">
          <params>
            <param index="0">
              <value>
                <![CDATA[[TestResult name=loginApp status=SUCCESS method=LoginTestCRM.loginApp()[pri:0, instance:com.qa.testcases.LoginTestCRM@c88a337] output={null}]]]>
              </value>
            </param>
          </params>
          <reporter-output>
            <line>
              <![CDATA[Test is about to end]]>
            </line>
            <line>
              <![CDATA[Test Completed >>>> Reports Generated]]>
            </line>
          </reporter-output>
        </test-method> <!-- tearDownMethod -->
        <test-method is-config="true" signature="tearDown()[pri:0, instance:com.qa.testcases.LoginTestCRM@c88a337]" started-at="2022-07-22T00:03:42 IST" name="tearDown" finished-at="2022-07-22T00:03:43 IST" duration-ms="1111" status="PASS">
          <reporter-output>
          </reporter-output>
        </test-method> <!-- tearDown -->
      </class> <!-- com.qa.testcases.LoginTestCRM -->
    </test> <!-- Default test -->
  </suite> <!-- Default suite -->
</testng-results>
